<?xml version="1.0" encoding="UTF-8"?>
<!-- Generated by org.testng.reporters.JUnitReportReporter -->
<testsuite skipped="3" hostname="DESKTOP-6GMDH50" name="com.naukri.qa.testcases.LoginPageTest" tests="4" failures="0" timestamp="05 Feb 2021 14:15:52 GMT" time="14.042" errors="0">
  <testcase name="search" time="14.042" classname="com.naukri.qa.testcases.LoginPageTest"/>
  <testcase name="logotest" classname="com.naukri.qa.testcases.LoginPageTest">
    <skipped/>
  </testcase> <!-- logotest -->
  <testcase name="loginTest" classname="com.naukri.qa.testcases.LoginPageTest">
    <skipped/>
  </testcase> <!-- loginTest -->
  <testcase name="loginpage" classname="com.naukri.qa.testcases.LoginPageTest">
    <skipped/>
  </testcase> <!-- loginpage -->
</testsuite> <!-- com.naukri.qa.testcases.LoginPageTest -->
