<?xml version="1.0" encoding="UTF-8"?>
<!-- Generated by org.testng.reporters.JUnitReportReporter -->
<testsuite skipped="0" hostname="DESKTOP-6GMDH50" name="com.naukri.qa.testcases.HomePageTest" tests="1" failures="0" timestamp="05 Feb 2021 14:25:32 GMT" time="18.919" errors="0">
  <testcase name="verifyhomepagelogo" time="18.919" classname="com.naukri.qa.testcases.HomePageTest"/>
</testsuite> <!-- com.naukri.qa.testcases.HomePageTest -->
